<?xml version="1.0" encoding="UTF-8"?>
<testsuite xmlns:xsi="http://www.w3.org/2001/XMLSchema-instance" xsi:noNamespaceSchemaLocation="https://maven.apache.org/surefire/maven-surefire-plugin/xsd/surefire-test-report.xsd" name="org.bean.CsvFactoryTest" time="0.415" tests="2" errors="0" skipped="0" failures="0">
  <properties>
[...]
</properties>
  <testcase name="testBean" classname="org.bean.CsvFactoryTest" time="0.404"/>
  <testcase name="testBean" classname="org.bean.CsvFactoryTest" time="0.008"/>
</testsuite>